Arguments: 
  C:\Program Files\nodejs\node.exe C:\Users\lenhu\AppData\Roaming\npm\node_modules\yarn\bin\yarn.js add bootstrap@5.3.1 jquery poper.js

PATH: 
  C:\Python311\Scripts\;C:\Python311\;C:\Program Files\BellSoft\LibericaJDK-17-Full\bin\;C:\Program Files\Eclipse Adoptium\jdk-17.0.1.12-hotspot\bin;C:\WINDOWS\system32;C:\WINDOWS;C:\WINDOWS\System32\Wbem;C:\WINDOWS\System32\WindowsPowerShell\v1.0\;C:\WINDOWS\System32\OpenSSH\;C:\Users\lenhu\OneDrive\Desktop\Enterprise Java Development\apache-maven-3.8.6-bin\apache-maven-3.8.6\bin;C:\Program Files\nodejs\;C:\ProgramData\chocolatey\bin;C:\Program Files\Git\cmd;C:\Ruby31-x64\bin;C:\Users\lenhu\AppData\Local\Microsoft\WindowsApps;C:\Users\lenhu\AppData\Local\Programs\Microsoft VS Code\bin;C:\Users\lenhu\AppData\Local\Programs\Azure Data Studio\bin;C:\Users\lenhu\AppData\Local\Microsoft\WindowsApps;C:\Users\lenhu\AppData\Roaming\npm

Yarn version: 
  1.22.19

Node version: 
  19.7.0

Platform: 
  win32 x64

Trace: 
  Error: https://registry.yarnpkg.com/poper.js: Not found
      at params.callback [as _callback] (C:\Users\lenhu\AppData\Roaming\npm\node_modules\yarn\lib\cli.js:66145:18)
      at self.callback (C:\Users\lenhu\AppData\Roaming\npm\node_modules\yarn\lib\cli.js:140890:22)
      at Request.emit (node:events:512:28)
      at Request.<anonymous> (C:\Users\lenhu\AppData\Roaming\npm\node_modules\yarn\lib\cli.js:141862:10)
      at Request.emit (node:events:512:28)
      at IncomingMessage.<anonymous> (C:\Users\lenhu\AppData\Roaming\npm\node_modules\yarn\lib\cli.js:141784:12)
      at Object.onceWrapper (node:events:626:28)
      at IncomingMessage.emit (node:events:524:35)
      at endReadableNT (node:internal/streams/readable:1359:12)
      at process.processTicksAndRejections (node:internal/process/task_queues:82:21)

npm manifest: 
  No manifest

yarn manifest: 
  No manifest

Lockfile: 
  No lockfile
